TN:
SF:controller.js
FNF:0
FNH:0
DA:1,1
DA:2,1
DA:3,1
DA:4,1
DA:6,1
DA:7,1
DA:8,1
DA:10,1
DA:11,1
DA:12,1
DA:13,1
DA:14,1
DA:15,1
DA:16,1
DA:17,1
DA:18,1
DA:19,1
DA:20,1
DA:21,1
DA:23,1
DA:24,1
DA:25,1
DA:26,1
DA:27,1
DA:28,1
DA:29,1
DA:30,1
DA:31,1
DA:32,1
DA:33,1
DA:34,1
DA:36,1
LF:32
LH:32
BRF:0
BRH:0
end_of_record
TN:
SF:config\db.js
FNF:0
FNH:0
DA:1,1
DA:3,1
DA:11,1
LF:3
LH:3
BRF:0
BRH:0
end_of_record
TN:
SF:routes\addData.js
FN:5,(anonymous_0)
FNF:1
FNH:0
FNDA:0,(anonymous_0)
DA:1,1
DA:2,1
DA:3,1
DA:5,1
DA:6,0
DA:9,0
DA:11,0
DA:15,0
DA:16,0
DA:18,0
DA:19,0
DA:25,0
DA:27,0
DA:28,0
DA:32,1
LF:15
LH:5
BRF:0
BRH:0
end_of_record
TN:
SF:routes\checkDataExists.js
FN:5,(anonymous_0)
FNF:1
FNH:0
FNDA:0,(anonymous_0)
DA:1,1
DA:2,1
DA:3,1
DA:5,1
DA:6,0
DA:8,0
DA:9,0
DA:13,0
DA:15,0
DA:16,0
DA:20,1
LF:11
LH:5
BRF:0
BRH:0
end_of_record
TN:
SF:routes\getData.js
FN:5,(anonymous_0)
FNF:1
FNH:1
FNDA:3,(anonymous_0)
DA:1,1
DA:2,1
DA:3,1
DA:5,1
DA:6,3
DA:7,3
DA:22,3
DA:24,0
DA:25,0
DA:29,1
LF:10
LH:8
BRF:0
BRH:0
end_of_record
TN:
SF:routes\getDataByCategory.js
FN:5,(anonymous_0)
FNF:1
FNH:1
FNDA:1,(anonymous_0)
DA:1,1
DA:2,1
DA:3,1
DA:5,1
DA:6,1
DA:7,1
DA:8,1
DA:17,1
DA:19,0
DA:20,0
DA:24,1
LF:11
LH:9
BRF:0
BRH:0
end_of_record
TN:
SF:routes\getDataBysubcategory.js
FN:5,(anonymous_0)
FNF:1
FNH:1
FNDA:1,(anonymous_0)
DA:1,1
DA:2,1
DA:3,1
DA:5,1
DA:6,1
DA:7,1
DA:8,1
DA:12,1
DA:14,0
DA:15,0
DA:19,1
LF:11
LH:9
BRF:0
BRH:0
end_of_record
TN:
SF:routes\getLangById.js
FN:5,(anonymous_0)
FNF:1
FNH:1
FNDA:1,(anonymous_0)
DA:1,1
DA:2,1
DA:3,1
DA:5,1
DA:6,1
DA:7,1
DA:8,1
DA:13,1
DA:15,0
DA:16,0
DA:20,1
LF:11
LH:9
BRF:0
BRH:0
end_of_record
TN:
SF:routes\getLanguage.js
FN:5,(anonymous_0)
FN:11,(anonymous_1)
FNF:2
FNH:2
FNDA:3,(anonymous_0)
FNDA:6,(anonymous_1)
DA:1,1
DA:2,1
DA:3,1
DA:5,1
DA:6,3
DA:7,3
DA:11,3
DA:12,6
DA:18,3
DA:20,0
DA:21,0
DA:25,1
LF:12
LH:10
BRF:0
BRH:0
end_of_record
TN:
SF:routes\getcategory.js
FN:5,(anonymous_0)
FN:13,(anonymous_1)
FNF:2
FNH:2
FNDA:3,(anonymous_0)
FNDA:9,(anonymous_1)
DA:1,1
DA:2,1
DA:3,1
DA:5,1
DA:6,3
DA:7,3
DA:8,3
DA:13,3
DA:14,9
DA:20,3
DA:22,0
DA:23,0
DA:27,1
LF:13
LH:11
BRF:0
BRH:0
end_of_record
TN:
SF:routes\getsubcategory.js
FN:5,(anonymous_0)
FN:16,(anonymous_1)
FNF:2
FNH:2
FNDA:2,(anonymous_0)
FNDA:6,(anonymous_1)
DA:1,1
DA:2,1
DA:3,1
DA:5,1
DA:6,2
DA:7,2
DA:9,2
DA:11,2
DA:16,2
DA:17,6
DA:23,2
DA:25,0
DA:28,0
DA:29,0
DA:33,1
LF:15
LH:12
BRDA:9,0,0,2
BRDA:9,0,1,0
BRF:2
BRH:1
end_of_record
TN:
SF:routes\isactive.js
FN:5,(anonymous_0)
FNF:1
FNH:1
FNDA:2,(anonymous_0)
DA:1,1
DA:2,1
DA:3,1
DA:5,1
DA:6,2
DA:7,2
DA:9,2
DA:10,2
DA:15,2
DA:16,1
DA:19,1
DA:21,0
DA:22,0
DA:26,1
LF:14
LH:12
BRDA:15,0,0,1
BRDA:15,0,1,1
BRF:2
BRH:2
end_of_record
TN:
SF:routes\updateExistingData.js
FN:5,(anonymous_0)
FNF:1
FNH:0
FNDA:0,(anonymous_0)
DA:1,1
DA:2,1
DA:3,1
DA:5,1
DA:6,0
DA:7,0
DA:8,0
DA:12,0
DA:18,1
LF:9
LH:5
BRF:0
BRH:0
end_of_record
TN:
SF:routes\updatedata.js
FN:5,(anonymous_0)
FNF:1
FNH:0
FNDA:0,(anonymous_0)
DA:1,1
DA:2,1
DA:3,1
DA:5,1
DA:6,0
DA:7,0
DA:8,0
DA:14,1
LF:8
LH:5
BRF:0
BRH:0
end_of_record
